<?xml version="1.0" encoding="UTF-8"?>
<testng-results skipped="0" failed="0" ignored="0" total="4" passed="4">
  <reporter-output>
  </reporter-output>
  <suite name="Default suite" duration-ms="10660" started-at="2020-09-26T19:06:46 EDT" finished-at="2020-09-26T19:06:57 EDT">
    <groups>
    </groups>
    <test name="Default test" duration-ms="10660" started-at="2020-09-26T19:06:46 EDT" finished-at="2020-09-26T19:06:57 EDT">
      <class name="com.revature.pages.FitBuddyRegistrationTest">
        <test-method status="PASS" signature="beforeClass()[pri:0, instance:com.revature.pages.FitBuddyRegistrationTest@5bb21b69]" name="beforeClass" is-config="true" duration-ms="4030" started-at="2020-09-26T19:06:46 EDT" finished-at="2020-09-26T19:06:50 EDT">
          <reporter-output>
          </reporter-output>
        </test-method> <!-- beforeClass -->
        <test-method status="PASS" signature="confirmRegistrationPage()[pri:0, instance:com.revature.pages.FitBuddyRegistrationTest@5bb21b69]" name="confirmRegistrationPage" duration-ms="51" started-at="2020-09-26T19:06:50 EDT" finished-at="2020-09-26T19:06:50 EDT">
          <reporter-output>
          </reporter-output>
        </test-method> <!-- confirmRegistrationPage -->
        <test-method status="PASS" signature="registrationWorks()[pri:0, instance:com.revature.pages.FitBuddyRegistrationTest@5bb21b69]" name="registrationWorks" duration-ms="1422" started-at="2020-09-26T19:06:50 EDT" depends-on-methods="com.revature.pages.FitBuddyRegistrationTest.confirmRegistrationPage" finished-at="2020-09-26T19:06:52 EDT">
          <reporter-output>
          </reporter-output>
        </test-method> <!-- registrationWorks -->
        <test-method status="PASS" signature="afterClass()[pri:0, instance:com.revature.pages.FitBuddyRegistrationTest@5bb21b69]" name="afterClass" is-config="true" duration-ms="180" started-at="2020-09-26T19:06:52 EDT" finished-at="2020-09-26T19:06:52 EDT">
          <reporter-output>
          </reporter-output>
        </test-method> <!-- afterClass -->
      </class> <!-- com.revature.pages.FitBuddyRegistrationTest -->
      <class name="com.revature.pages.FitBuddyLoginTest">
        <test-method status="PASS" signature="beforeClass()[pri:0, instance:com.revature.pages.FitBuddyLoginTest@6b9651f3]" name="beforeClass" is-config="true" duration-ms="2836" started-at="2020-09-26T19:06:52 EDT" finished-at="2020-09-26T19:06:55 EDT">
          <reporter-output>
          </reporter-output>
        </test-method> <!-- beforeClass -->
        <test-method status="PASS" signature="confirmHomePage()[pri:0, instance:com.revature.pages.FitBuddyLoginTest@6b9651f3]" name="confirmHomePage" duration-ms="42" started-at="2020-09-26T19:06:55 EDT" finished-at="2020-09-26T19:06:55 EDT">
          <reporter-output>
          </reporter-output>
        </test-method> <!-- confirmHomePage -->
        <test-method status="PASS" signature="loginWorks()[pri:0, instance:com.revature.pages.FitBuddyLoginTest@6b9651f3]" name="loginWorks" duration-ms="1844" started-at="2020-09-26T19:06:55 EDT" depends-on-methods="com.revature.pages.FitBuddyLoginTest.confirmHomePage" finished-at="2020-09-26T19:06:57 EDT">
          <reporter-output>
          </reporter-output>
        </test-method> <!-- loginWorks -->
        <test-method status="PASS" signature="afterClass()[pri:0, instance:com.revature.pages.FitBuddyLoginTest@6b9651f3]" name="afterClass" is-config="true" duration-ms="183" started-at="2020-09-26T19:06:57 EDT" finished-at="2020-09-26T19:06:57 EDT">
          <reporter-output>
          </reporter-output>
        </test-method> <!-- afterClass -->
      </class> <!-- com.revature.pages.FitBuddyLoginTest -->
    </test> <!-- Default test -->
  </suite> <!-- Default suite -->
</testng-results>
