<?xml version="1.0" encoding="UTF-8"?>
<!-- Generated by org.testng.reporters.JUnitXMLReporter -->
<testsuite hostname="Jaysons-MBP.fios-router.home" ignored="0" name="Default test" tests="4" failures="0" timestamp="2020-09-26T19:06:57 EDT" time="10.66" errors="0">
  <testcase name="confirmRegistrationPage" time="0.051" classname="com.revature.pages.FitBuddyRegistrationTest"/>
  <testcase name="registrationWorks" time="1.422" classname="com.revature.pages.FitBuddyRegistrationTest"/>
  <testcase name="confirmHomePage" time="0.042" classname="com.revature.pages.FitBuddyLoginTest"/>
  <testcase name="loginWorks" time="1.844" classname="com.revature.pages.FitBuddyLoginTest"/>
</testsuite> <!-- Default test -->
